{"/Users/tomato/Projects/PhoenixEnv/mobile/.eslintrc.js": {"path":"/Users/tomato/Projects/PhoenixEnv/mobile/.eslintrc.js","statementMap":{"0":{"start":{"line":1,"column":0},"end":{"line":30,"column":2}}},"fnMap":{},"branchMap":{},"s":{"0":0},"f":{},"b":{}}
,"/Users/tomato/Projects/PhoenixEnv/mobile/setup.js": {"path":"/Users/tomato/Projects/PhoenixEnv/mobile/setup.js","statementMap":{"0":{"start":{"line":1,"column":0},"end":{"line":1,"column":27}}},"fnMap":{},"branchMap":{},"s":{"0":0},"f":{},"b":{}}
,"/Users/tomato/Projects/PhoenixEnv/mobile/scripts/pre-commit.js": {"path":"/Users/tomato/Projects/PhoenixEnv/mobile/scripts/pre-commit.js","statementMap":{"0":{"start":{"line":1,"column":16},"end":{"line":1,"column":50}},"1":{"start":{"line":2,"column":15},"end":{"line":5,"column":2}},"2":{"start":{"line":6,"column":0},"end":{"line":8,"column":1}},"3":{"start":{"line":7,"column":2},"end":{"line":7,"column":30}},"4":{"start":{"line":9,"column":0},"end":{"line":9,"column":26}}},"fnMap":{},"branchMap":{"0":{"loc":{"start":{"line":6,"column":0},"end":{"line":8,"column":1}},"type":"if","locations":[{"start":{"line":6,"column":0},"end":{"line":8,"column":1}},{"start":{},"end":{}}],"line":6}},"s":{"0":0,"1":0,"2":0,"3":0,"4":0},"f":{},"b":{"0":[0,0]}}
,"/Users/tomato/Projects/PhoenixEnv/mobile/scripts/setup.js": {"path":"/Users/tomato/Projects/PhoenixEnv/mobile/scripts/setup.js","statementMap":{"0":{"start":{"line":1,"column":16},"end":{"line":1,"column":50}},"1":{"start":{"line":3,"column":13},"end":{"line":11,"column":1}},"2":{"start":{"line":14,"column":2},"end":{"line":14,"column":65}},"3":{"start":{"line":17,"column":0},"end":{"line":17,"column":54}},"4":{"start":{"line":19,"column":12},"end":{"line":21,"column":9}},"5":{"start":{"line":22,"column":0},"end":{"line":30,"column":1}},"6":{"start":{"line":23,"column":2},"end":{"line":28,"column":4}},"7":{"start":{"line":29,"column":2},"end":{"line":29,"column":14}},"8":{"start":{"line":33,"column":2},"end":{"line":33,"column":79}},"9":{"start":{"line":34,"column":0},"end":{"line":36,"column":2}},"10":{"start":{"line":38,"column":13},"end":{"line":38,"column":66}},"11":{"start":{"line":40,"column":0},"end":{"line":44,"column":1}},"12":{"start":{"line":41,"column":2},"end":{"line":41,"column":58}},"13":{"start":{"line":43,"column":2},"end":{"line":43,"column":30}}},"fnMap":{"0":{"name":"color","decl":{"start":{"line":13,"column":9},"end":{"line":13,"column":14}},"loc":{"start":{"line":13,"column":33},"end":{"line":15,"column":1}},"line":13}},"branchMap":{"0":{"loc":{"start":{"line":22,"column":0},"end":{"line":30,"column":1}},"type":"if","locations":[{"start":{"line":22,"column":0},"end":{"line":30,"column":1}},{"start":{},"end":{}}],"line":22},"1":{"loc":{"start":{"line":40,"column":0},"end":{"line":44,"column":1}},"type":"if","locations":[{"start":{"line":40,"column":0},"end":{"line":44,"column":1}},{"start":{"line":42,"column":7},"end":{"line":44,"column":1}}],"line":40}},"s":{"0":0,"1":0,"2":0,"3":0,"4":0,"5":0,"6":0,"7":0,"8":0,"9":0,"10":0,"11":0,"12":0,"13":0},"f":{"0":0},"b":{"0":[0,0],"1":[0,0]}}
}
