TN:
SF:.eslintrc.js
FNF:0
FNH:0
DA:1,0
LF:1
LH:0
BRF:0
BRH:0
end_of_record
TN:
SF:setup.js
FNF:0
FNH:0
DA:1,0
LF:1
LH:0
BRF:0
BRH:0
end_of_record
TN:
SF:scripts/pre-commit.js
FNF:0
FNH:0
DA:1,0
DA:2,0
DA:6,0
DA:7,0
DA:9,0
LF:5
LH:0
BRDA:6,0,0,0
BRDA:6,0,1,0
BRF:2
BRH:0
end_of_record
TN:
SF:scripts/setup.js
FN:13,color
FNF:1
FNH:0
FNDA:0,color
DA:1,0
DA:3,0
DA:14,0
DA:17,0
DA:19,0
DA:22,0
DA:23,0
DA:29,0
DA:33,0
DA:34,0
DA:38,0
DA:40,0
DA:41,0
DA:43,0
LF:14
LH:0
BRDA:22,0,0,0
BRDA:22,0,1,0
BRDA:40,1,0,0
BRDA:40,1,1,0
BRF:4
BRH:0
end_of_record
